<?xml version="1.0" encoding="UTF-8"?>
<!-- Generated by org.testng.reporters.JUnitReportReporter -->
<testsuite skipped="1" hostname="DESKTOP-70GVKHP" name="com.syntax.testcases.LoginPageTest" tests="2" failures="0" timestamp="15 Jun 2019 19:07:30 GMT" time="8.607" errors="0">
  <testcase name="loginToOrangeHRM" time="8.607" classname="com.syntax.testcases.LoginPageTest"/>
  <testcase name="doLogin" classname="com.syntax.testcases.LoginPageTest">
    <skipped/>
  </testcase> <!-- doLogin -->
</testsuite> <!-- com.syntax.testcases.LoginPageTest -->
